<?xml version="1.0" encoding="UTF-8"?>
<!-- Generated by org.testng.reporters.JUnitReportReporter -->
<testsuite ignored="0" hostname="DESKTOP-DGCF34C" failures="0" tests="6" name="com.tsp.testCases.TC_LoginTest_001" time="89.806" errors="0" timestamp="24 Aug 2021 06:58:58 GMT" skipped="0">
  <testcase classname="com.tsp.testCases.TC_LoginTest_001" name="opeUserPanel" time="2.655"/>
  <testcase classname="com.tsp.testCases.TC_LoginTest_001" name="addUsers" time="7.630"/>
  <testcase classname="com.tsp.testCases.TC_LoginTest_001" name="sort" time="1.857"/>
  <testcase classname="com.tsp.testCases.TC_LoginTest_001" name="loginTest" time="66.242"/>
  <testcase classname="com.tsp.testCases.TC_LoginTest_001" name="editUser" time="4.485"/>
  <testcase classname="com.tsp.testCases.TC_LoginTest_001" name="search" time="6.937"/>
</testsuite> <!-- com.tsp.testCases.TC_LoginTest_001 -->
